[0.014s] Invoking command in '/home/guilleaq/Modelado-Simulacion-Robots/modelado_ws/build/robot_description': CMAKE_PREFIX_PATH=${CMAKE_PREFIX_PATH}:/opt/ros/jazzy DEBUGINFOD_URLS=https://debuginfod.ubuntu.com /usr/bin/cmake --build /home/guilleaq/Modelado-Simulacion-Robots/modelado_ws/build/robot_description -- -j12 -l12
[0.035s] -- Found ament_cmake: 2.5.3 (/opt/ros/jazzy/share/ament_cmake/cmake)
[0.194s] -- Override CMake install command with custom implementation using symlinks instead of copying resources
[0.273s] -- Configuring done (0.2s)
[0.275s] -- Generating done (0.0s)
[0.276s] -- Build files have been written to: /home/guilleaq/Modelado-Simulacion-Robots/modelado_ws/build/robot_description
[0.295s] Invoked command in '/home/guilleaq/Modelado-Simulacion-Robots/modelado_ws/build/robot_description' returned '0': CMAKE_PREFIX_PATH=${CMAKE_PREFIX_PATH}:/opt/ros/jazzy DEBUGINFOD_URLS=https://debuginfod.ubuntu.com /usr/bin/cmake --build /home/guilleaq/Modelado-Simulacion-Robots/modelado_ws/build/robot_description -- -j12 -l12
[0.304s] Invoking command in '/home/guilleaq/Modelado-Simulacion-Robots/modelado_ws/build/robot_description': CMAKE_PREFIX_PATH=${CMAKE_PREFIX_PATH}:/opt/ros/jazzy DEBUGINFOD_URLS=https://debuginfod.ubuntu.com /usr/bin/cmake --install /home/guilleaq/Modelado-Simulacion-Robots/modelado_ws/build/robot_description
[0.312s] -- Install configuration: ""
[0.312s] -- Execute custom install script
[0.313s] -- Up-to-date symlink: /home/guilleaq/Modelado-Simulacion-Robots/modelado_ws/install/robot_description/share/robot_description/urdf/arm/gripper.urdf.xacro
[0.313s] -- Up-to-date symlink: /home/guilleaq/Modelado-Simulacion-Robots/modelado_ws/install/robot_description/share/robot_description/urdf/arm/scara.urdf.xacro
[0.313s] -- Up-to-date symlink: /home/guilleaq/Modelado-Simulacion-Robots/modelado_ws/install/robot_description/share/robot_description/urdf/base/robot_base.urdf.xacro
[0.313s] -- Up-to-date symlink: /home/guilleaq/Modelado-Simulacion-Robots/modelado_ws/install/robot_description/share/robot_description/urdf/robot.urdf
[0.313s] -- Up-to-date symlink: /home/guilleaq/Modelado-Simulacion-Robots/modelado_ws/install/robot_description/share/robot_description/urdf/ros2_control.urdf.xacro
[0.313s] -- Up-to-date symlink: /home/guilleaq/Modelado-Simulacion-Robots/modelado_ws/install/robot_description/share/robot_description/urdf/sensors/camera.urdf.xacro
[0.313s] -- Up-to-date symlink: /home/guilleaq/Modelado-Simulacion-Robots/modelado_ws/install/robot_description/share/robot_description/urdf/sensors/imu_sensor.urdf.xacro
[0.314s] -- Up-to-date symlink: /home/guilleaq/Modelado-Simulacion-Robots/modelado_ws/install/robot_description/share/robot_description/urdf/sensors/sensors.urdf.xacro
[0.314s] -- Up-to-date symlink: /home/guilleaq/Modelado-Simulacion-Robots/modelado_ws/install/robot_description/share/robot_description/urdf/utils/utils.urdf.xacro
[0.314s] -- Up-to-date symlink: /home/guilleaq/Modelado-Simulacion-Robots/modelado_ws/install/robot_description/share/robot_description/urdf/wheels/rover_wheel.urdf.xacro
[0.314s] -- Up-to-date symlink: /home/guilleaq/Modelado-Simulacion-Robots/modelado_ws/install/robot_description/share/robot_description/meshes/dae/Cone.001.dae
[0.314s] -- Up-to-date symlink: /home/guilleaq/Modelado-Simulacion-Robots/modelado_ws/install/robot_description/share/robot_description/meshes/dae/Cone.002.dae
[0.314s] -- Up-to-date symlink: /home/guilleaq/Modelado-Simulacion-Robots/modelado_ws/install/robot_description/share/robot_description/meshes/dae/Cone.003.dae
[0.314s] -- Up-to-date symlink: /home/guilleaq/Modelado-Simulacion-Robots/modelado_ws/install/robot_description/share/robot_description/meshes/dae/Cone.007.dae
[0.314s] -- Up-to-date symlink: /home/guilleaq/Modelado-Simulacion-Robots/modelado_ws/install/robot_description/share/robot_description/meshes/dae/Cube.004.dae
[0.314s] -- Up-to-date symlink: /home/guilleaq/Modelado-Simulacion-Robots/modelado_ws/install/robot_description/share/robot_description/meshes/dae/Torus.001.dae
[0.314s] -- Up-to-date symlink: /home/guilleaq/Modelado-Simulacion-Robots/modelado_ws/install/robot_description/share/robot_description/meshes/dae/Torus.002.dae
[0.315s] -- Up-to-date symlink: /home/guilleaq/Modelado-Simulacion-Robots/modelado_ws/install/robot_description/share/robot_description/meshes/dae/Torus.006.dae
[0.315s] -- Up-to-date symlink: /home/guilleaq/Modelado-Simulacion-Robots/modelado_ws/install/robot_description/share/robot_description/meshes/dae/Torus.dae
[0.315s] -- Up-to-date symlink: /home/guilleaq/Modelado-Simulacion-Robots/modelado_ws/install/robot_description/share/robot_description/meshes/dae/otros/Cube.000.dae
[0.315s] -- Up-to-date symlink: /home/guilleaq/Modelado-Simulacion-Robots/modelado_ws/install/robot_description/share/robot_description/meshes/dae/otros/Cylinder.dae
[0.315s] -- Up-to-date symlink: /home/guilleaq/Modelado-Simulacion-Robots/modelado_ws/install/robot_description/share/robot_description/meshes/dae/otros/base.dae
[0.315s] -- Up-to-date symlink: /home/guilleaq/Modelado-Simulacion-Robots/modelado_ws/install/robot_description/share/robot_description/meshes/dae/otros/base_gripper.dae
[0.315s] -- Up-to-date symlink: /home/guilleaq/Modelado-Simulacion-Robots/modelado_ws/install/robot_description/share/robot_description/meshes/dae/otros/eslabon.dae
[0.315s] -- Up-to-date symlink: /home/guilleaq/Modelado-Simulacion-Robots/modelado_ws/install/robot_description/share/robot_description/meshes/dae/otros/eslabon_vertical.dae
[0.315s] -- Up-to-date symlink: /home/guilleaq/Modelado-Simulacion-Robots/modelado_ws/install/robot_description/share/robot_description/meshes/dae/otros/finger.dae
[0.315s] -- Up-to-date symlink: /home/guilleaq/Modelado-Simulacion-Robots/modelado_ws/install/robot_description/share/robot_description/config/config.yaml
[0.316s] -- Up-to-date symlink: /home/guilleaq/Modelado-Simulacion-Robots/modelado_ws/install/robot_description/share/robot_description/config/robot_bridge.yaml
[0.316s] -- Up-to-date symlink: /home/guilleaq/Modelado-Simulacion-Robots/modelado_ws/install/robot_description/share/robot_description/config/robot_controllers.yaml
[0.316s] -- Up-to-date symlink: /home/guilleaq/Modelado-Simulacion-Robots/modelado_ws/install/robot_description/share/robot_description/launch/robot_gazebo.launch.py
[0.316s] -- Up-to-date symlink: /home/guilleaq/Modelado-Simulacion-Robots/modelado_ws/install/robot_description/share/robot_description/launch/robot_state_publisher.launch.py
[0.316s] -- Up-to-date symlink: /home/guilleaq/Modelado-Simulacion-Robots/modelado_ws/install/robot_description/share/robot_description/rviz/robot.rviz
[0.317s] -- Up-to-date symlink: /home/guilleaq/Modelado-Simulacion-Robots/modelado_ws/install/robot_description/share/robot_description/robots/robot.urdf.xacro
[0.317s] -- Up-to-date symlink: /home/guilleaq/Modelado-Simulacion-Robots/modelado_ws/install/robot_description/share/ament_index/resource_index/package_run_dependencies/robot_description
[0.317s] -- Up-to-date symlink: /home/guilleaq/Modelado-Simulacion-Robots/modelado_ws/install/robot_description/share/ament_index/resource_index/parent_prefix_path/robot_description
[0.317s] -- Up-to-date symlink: /home/guilleaq/Modelado-Simulacion-Robots/modelado_ws/install/robot_description/share/robot_description/environment/ament_prefix_path.sh
[0.317s] -- Up-to-date symlink: /home/guilleaq/Modelado-Simulacion-Robots/modelado_ws/install/robot_description/share/robot_description/environment/ament_prefix_path.dsv
[0.317s] -- Up-to-date symlink: /home/guilleaq/Modelado-Simulacion-Robots/modelado_ws/install/robot_description/share/robot_description/environment/path.sh
[0.318s] -- Up-to-date symlink: /home/guilleaq/Modelado-Simulacion-Robots/modelado_ws/install/robot_description/share/robot_description/environment/path.dsv
[0.318s] -- Up-to-date symlink: /home/guilleaq/Modelado-Simulacion-Robots/modelado_ws/install/robot_description/share/robot_description/local_setup.bash
[0.318s] -- Up-to-date symlink: /home/guilleaq/Modelado-Simulacion-Robots/modelado_ws/install/robot_description/share/robot_description/local_setup.sh
[0.318s] -- Up-to-date symlink: /home/guilleaq/Modelado-Simulacion-Robots/modelado_ws/install/robot_description/share/robot_description/local_setup.zsh
[0.318s] -- Up-to-date symlink: /home/guilleaq/Modelado-Simulacion-Robots/modelado_ws/install/robot_description/share/robot_description/local_setup.dsv
[0.318s] -- Symlinking: /home/guilleaq/Modelado-Simulacion-Robots/modelado_ws/install/robot_description/share/robot_description/package.dsv
[0.327s] -- Up-to-date symlink: /home/guilleaq/Modelado-Simulacion-Robots/modelado_ws/install/robot_description/share/ament_index/resource_index/packages/robot_description
[0.327s] -- Up-to-date symlink: /home/guilleaq/Modelado-Simulacion-Robots/modelado_ws/install/robot_description/share/robot_description/cmake/robot_descriptionConfig.cmake
[0.327s] -- Up-to-date symlink: /home/guilleaq/Modelado-Simulacion-Robots/modelado_ws/install/robot_description/share/robot_description/cmake/robot_descriptionConfig-version.cmake
[0.328s] -- Up-to-date symlink: /home/guilleaq/Modelado-Simulacion-Robots/modelado_ws/install/robot_description/share/robot_description/package.xml
[0.329s] Invoked command in '/home/guilleaq/Modelado-Simulacion-Robots/modelado_ws/build/robot_description' returned '0': CMAKE_PREFIX_PATH=${CMAKE_PREFIX_PATH}:/opt/ros/jazzy DEBUGINFOD_URLS=https://debuginfod.ubuntu.com /usr/bin/cmake --install /home/guilleaq/Modelado-Simulacion-Robots/modelado_ws/build/robot_description
