-- Install configuration: ""
-- Execute custom install script
-- Up-to-date symlink: /home/guilleaq/Modelado-Simulacion-Robots/modelado_ws/install/robot_description/share/robot_description/urdf/arm/gripper.urdf.xacro
-- Up-to-date symlink: /home/guilleaq/Modelado-Simulacion-Robots/modelado_ws/install/robot_description/share/robot_description/urdf/arm/scara.urdf.xacro
-- Up-to-date symlink: /home/guilleaq/Modelado-Simulacion-Robots/modelado_ws/install/robot_description/share/robot_description/urdf/base/robot_base.urdf.xacro
-- Up-to-date symlink: /home/guilleaq/Modelado-Simulacion-Robots/modelado_ws/install/robot_description/share/robot_description/urdf/robot.urdf
-- Up-to-date symlink: /home/guilleaq/Modelado-Simulacion-Robots/modelado_ws/install/robot_description/share/robot_description/urdf/ros2_control.urdf.xacro
-- Up-to-date symlink: /home/guilleaq/Modelado-Simulacion-Robots/modelado_ws/install/robot_description/share/robot_description/urdf/sensors/camera.urdf.xacro
-- Up-to-date symlink: /home/guilleaq/Modelado-Simulacion-Robots/modelado_ws/install/robot_description/share/robot_description/urdf/sensors/imu_sensor.urdf.xacro
-- Up-to-date symlink: /home/guilleaq/Modelado-Simulacion-Robots/modelado_ws/install/robot_description/share/robot_description/urdf/sensors/sensors.urdf.xacro
-- Up-to-date symlink: /home/guilleaq/Modelado-Simulacion-Robots/modelado_ws/install/robot_description/share/robot_description/urdf/utils/utils.urdf.xacro
-- Up-to-date symlink: /home/guilleaq/Modelado-Simulacion-Robots/modelado_ws/install/robot_description/share/robot_description/urdf/wheels/rover_wheel.urdf.xacro
-- Up-to-date symlink: /home/guilleaq/Modelado-Simulacion-Robots/modelado_ws/install/robot_description/share/robot_description/meshes/dae/Cone.001.dae
-- Up-to-date symlink: /home/guilleaq/Modelado-Simulacion-Robots/modelado_ws/install/robot_description/share/robot_description/meshes/dae/Cone.002.dae
-- Up-to-date symlink: /home/guilleaq/Modelado-Simulacion-Robots/modelado_ws/install/robot_description/share/robot_description/meshes/dae/Cone.003.dae
-- Up-to-date symlink: /home/guilleaq/Modelado-Simulacion-Robots/modelado_ws/install/robot_description/share/robot_description/meshes/dae/Cone.007.dae
-- Up-to-date symlink: /home/guilleaq/Modelado-Simulacion-Robots/modelado_ws/install/robot_description/share/robot_description/meshes/dae/Cube.004.dae
-- Up-to-date symlink: /home/guilleaq/Modelado-Simulacion-Robots/modelado_ws/install/robot_description/share/robot_description/meshes/dae/Torus.001.dae
-- Up-to-date symlink: /home/guilleaq/Modelado-Simulacion-Robots/modelado_ws/install/robot_description/share/robot_description/meshes/dae/Torus.002.dae
-- Up-to-date symlink: /home/guilleaq/Modelado-Simulacion-Robots/modelado_ws/install/robot_description/share/robot_description/meshes/dae/Torus.006.dae
-- Up-to-date symlink: /home/guilleaq/Modelado-Simulacion-Robots/modelado_ws/install/robot_description/share/robot_description/meshes/dae/Torus.dae
-- Up-to-date symlink: /home/guilleaq/Modelado-Simulacion-Robots/modelado_ws/install/robot_description/share/robot_description/meshes/dae/otros/Cube.000.dae
-- Up-to-date symlink: /home/guilleaq/Modelado-Simulacion-Robots/modelado_ws/install/robot_description/share/robot_description/meshes/dae/otros/Cylinder.dae
-- Up-to-date symlink: /home/guilleaq/Modelado-Simulacion-Robots/modelado_ws/install/robot_description/share/robot_description/meshes/dae/otros/base.dae
-- Up-to-date symlink: /home/guilleaq/Modelado-Simulacion-Robots/modelado_ws/install/robot_description/share/robot_description/meshes/dae/otros/base_gripper.dae
-- Up-to-date symlink: /home/guilleaq/Modelado-Simulacion-Robots/modelado_ws/install/robot_description/share/robot_description/meshes/dae/otros/eslabon.dae
-- Up-to-date symlink: /home/guilleaq/Modelado-Simulacion-Robots/modelado_ws/install/robot_description/share/robot_description/meshes/dae/otros/eslabon_vertical.dae
-- Up-to-date symlink: /home/guilleaq/Modelado-Simulacion-Robots/modelado_ws/install/robot_description/share/robot_description/meshes/dae/otros/finger.dae
-- Up-to-date symlink: /home/guilleaq/Modelado-Simulacion-Robots/modelado_ws/install/robot_description/share/robot_description/config/config.yaml
-- Up-to-date symlink: /home/guilleaq/Modelado-Simulacion-Robots/modelado_ws/install/robot_description/share/robot_description/config/robot_bridge.yaml
-- Up-to-date symlink: /home/guilleaq/Modelado-Simulacion-Robots/modelado_ws/install/robot_description/share/robot_description/config/robot_controllers.yaml
-- Up-to-date symlink: /home/guilleaq/Modelado-Simulacion-Robots/modelado_ws/install/robot_description/share/robot_description/launch/robot_gazebo.launch.py
-- Up-to-date symlink: /home/guilleaq/Modelado-Simulacion-Robots/modelado_ws/install/robot_description/share/robot_description/launch/robot_state_publisher.launch.py
-- Up-to-date symlink: /home/guilleaq/Modelado-Simulacion-Robots/modelado_ws/install/robot_description/share/robot_description/rviz/robot.rviz
-- Up-to-date symlink: /home/guilleaq/Modelado-Simulacion-Robots/modelado_ws/install/robot_description/share/robot_description/robots/robot.urdf.xacro
-- Up-to-date symlink: /home/guilleaq/Modelado-Simulacion-Robots/modelado_ws/install/robot_description/share/ament_index/resource_index/package_run_dependencies/robot_description
-- Up-to-date symlink: /home/guilleaq/Modelado-Simulacion-Robots/modelado_ws/install/robot_description/share/ament_index/resource_index/parent_prefix_path/robot_description
-- Up-to-date symlink: /home/guilleaq/Modelado-Simulacion-Robots/modelado_ws/install/robot_description/share/robot_description/environment/ament_prefix_path.sh
-- Up-to-date symlink: /home/guilleaq/Modelado-Simulacion-Robots/modelado_ws/install/robot_description/share/robot_description/environment/ament_prefix_path.dsv
-- Up-to-date symlink: /home/guilleaq/Modelado-Simulacion-Robots/modelado_ws/install/robot_description/share/robot_description/environment/path.sh
-- Up-to-date symlink: /home/guilleaq/Modelado-Simulacion-Robots/modelado_ws/install/robot_description/share/robot_description/environment/path.dsv
-- Up-to-date symlink: /home/guilleaq/Modelado-Simulacion-Robots/modelado_ws/install/robot_description/share/robot_description/local_setup.bash
-- Up-to-date symlink: /home/guilleaq/Modelado-Simulacion-Robots/modelado_ws/install/robot_description/share/robot_description/local_setup.sh
-- Up-to-date symlink: /home/guilleaq/Modelado-Simulacion-Robots/modelado_ws/install/robot_description/share/robot_description/local_setup.zsh
-- Up-to-date symlink: /home/guilleaq/Modelado-Simulacion-Robots/modelado_ws/install/robot_description/share/robot_description/local_setup.dsv
-- Symlinking: /home/guilleaq/Modelado-Simulacion-Robots/modelado_ws/install/robot_description/share/robot_description/package.dsv
-- Up-to-date symlink: /home/guilleaq/Modelado-Simulacion-Robots/modelado_ws/install/robot_description/share/ament_index/resource_index/packages/robot_description
-- Up-to-date symlink: /home/guilleaq/Modelado-Simulacion-Robots/modelado_ws/install/robot_description/share/robot_description/cmake/robot_descriptionConfig.cmake
-- Up-to-date symlink: /home/guilleaq/Modelado-Simulacion-Robots/modelado_ws/install/robot_description/share/robot_description/cmake/robot_descriptionConfig-version.cmake
-- Up-to-date symlink: /home/guilleaq/Modelado-Simulacion-Robots/modelado_ws/install/robot_description/share/robot_description/package.xml
